<?xml version="1.0" encoding="UTF-8"?>
<robot generator="Robot 6.1.1 (Python 3.10.12 on linux)" generated="20241114 17:06:06.001" rpa="false" schemaversion="4">
<suite id="s1" name="Tests" source="/home/virpi/palautusrepositorio/viikko3/web-login/src/tests">
<suite id="s1-s1" name="Home" source="/home/virpi/palautusrepositorio/viikko3/web-login/src/tests/home.robot">
<kw name="Open And Configure Browser" library="resource" type="SETUP">
<if>
<branch type="IF" condition="$BROWSER == 'chrome'">
<kw name="Evaluate" library="BuiltIn">
<var>${options}</var>
<arg>sys.modules['selenium.webdriver'].ChromeOptions()</arg>
<arg>sys</arg>
<doc>Evaluates the given expression in Python and returns the result.</doc>
<msg timestamp="20241114 17:06:06.253" level="INFO">${options} = &lt;selenium.webdriver.chrome.options.Options object at 0x7f05e32a0580&gt;</msg>
<status status="PASS" starttime="20241114 17:06:06.253" endtime="20241114 17:06:06.254"/>
</kw>
<status status="PASS" starttime="20241114 17:06:06.236" endtime="20241114 17:06:06.254"/>
</branch>
<branch type="ELSE IF" condition="$BROWSER == 'firefox'">
<kw name="Evaluate" library="BuiltIn">
<var>${options}</var>
<arg>sys.modules['selenium.webdriver'].FirefoxOptions()</arg>
<arg>sys</arg>
<doc>Evaluates the given expression in Python and returns the result.</doc>
<status status="NOT RUN" starttime="20241114 17:06:06.254" endtime="20241114 17:06:06.254"/>
</kw>
<status status="NOT RUN" starttime="20241114 17:06:06.254" endtime="20241114 17:06:06.254"/>
</branch>
<status status="PASS" starttime="20241114 17:06:06.236" endtime="20241114 17:06:06.254"/>
</if>
<if>
<branch type="IF" condition="$HEADLESS == 'true'">
<kw name="Set Selenium Speed" library="SeleniumLibrary">
<arg>0</arg>
<doc>Sets the delay that is waited after each Selenium command.</doc>
<status status="NOT RUN" starttime="20241114 17:06:06.254" endtime="20241114 17:06:06.254"/>
</kw>
<kw name="Call Method" library="BuiltIn">
<arg>${options}</arg>
<arg>add_argument</arg>
<arg>--headless</arg>
<doc>Calls the named method of the given object with the provided arguments.</doc>
<status status="NOT RUN" starttime="20241114 17:06:06.254" endtime="20241114 17:06:06.254"/>
</kw>
<status status="NOT RUN" starttime="20241114 17:06:06.254" endtime="20241114 17:06:06.255"/>
</branch>
<branch type="ELSE">
<kw name="Set Selenium Speed" library="SeleniumLibrary">
<arg>${DELAY}</arg>
<doc>Sets the delay that is waited after each Selenium command.</doc>
<status status="PASS" starttime="20241114 17:06:06.255" endtime="20241114 17:06:06.255"/>
</kw>
<status status="PASS" starttime="20241114 17:06:06.255" endtime="20241114 17:06:06.255"/>
</branch>
<status status="PASS" starttime="20241114 17:06:06.254" endtime="20241114 17:06:06.255"/>
</if>
<kw name="Open Browser" library="SeleniumLibrary">
<arg>browser=${BROWSER}</arg>
<arg>options=${options}</arg>
<doc>Opens a new browser instance to the optional ``url``.</doc>
<msg timestamp="20241114 17:06:06.256" level="INFO">Opening browser 'chrome' to base url 'None'.</msg>
<status status="PASS" starttime="20241114 17:06:06.255" endtime="20241114 17:06:07.396"/>
</kw>
<status status="PASS" starttime="20241114 17:06:06.236" endtime="20241114 17:06:07.396"/>
</kw>
<test id="s1-s1-t1" name="Click Login Link" line="8">
<kw name="Reset Application And Go To Starting Page" type="SETUP">
<kw name="Reset Application" library="AppLibrary">
<status status="PASS" starttime="20241114 17:06:07.399" endtime="20241114 17:06:07.407"/>
</kw>
<kw name="Go To Starting Page">
<kw name="Go To" library="SeleniumLibrary">
<arg>${HOME_URL}</arg>
<doc>Navigates the current browser window to the provided ``url``.</doc>
<msg timestamp="20241114 17:06:07.408" level="INFO">Opening url 'http://localhost:5001'</msg>
<status status="PASS" starttime="20241114 17:06:07.408" endtime="20241114 17:06:07.965"/>
</kw>
<status status="PASS" starttime="20241114 17:06:07.407" endtime="20241114 17:06:07.965"/>
</kw>
<status status="PASS" starttime="20241114 17:06:07.398" endtime="20241114 17:06:07.965"/>
</kw>
<kw name="Click Link" library="SeleniumLibrary">
<arg>Login</arg>
<doc>Clicks a link identified by ``locator``.</doc>
<msg timestamp="20241114 17:06:07.971" level="INFO">Clicking link 'Login'.</msg>
<status status="PASS" starttime="20241114 17:06:07.967" endtime="20241114 17:06:09.660"/>
</kw>
<kw name="Login Page Should Be Open" library="resource">
<kw name="Title Should Be" library="SeleniumLibrary">
<arg>Login</arg>
<doc>Verifies that the current page title equals ``title``.</doc>
<msg timestamp="20241114 17:06:10.192" level="INFO">Page title is 'Login'.</msg>
<status status="PASS" starttime="20241114 17:06:09.662" endtime="20241114 17:06:10.193"/>
</kw>
<status status="PASS" starttime="20241114 17:06:09.661" endtime="20241114 17:06:10.193"/>
</kw>
<status status="PASS" starttime="20241114 17:06:07.396" endtime="20241114 17:06:10.194"/>
</test>
<test id="s1-s1-t2" name="Click Register Link" line="12">
<kw name="Reset Application And Go To Starting Page" type="SETUP">
<kw name="Reset Application" library="AppLibrary">
<status status="PASS" starttime="20241114 17:06:10.199" endtime="20241114 17:06:10.211"/>
</kw>
<kw name="Go To Starting Page">
<kw name="Go To" library="SeleniumLibrary">
<arg>${HOME_URL}</arg>
<doc>Navigates the current browser window to the provided ``url``.</doc>
<msg timestamp="20241114 17:06:10.213" level="INFO">Opening url 'http://localhost:5001'</msg>
<status status="PASS" starttime="20241114 17:06:10.212" endtime="20241114 17:06:10.755"/>
</kw>
<status status="PASS" starttime="20241114 17:06:10.211" endtime="20241114 17:06:10.755"/>
</kw>
<status status="PASS" starttime="20241114 17:06:10.198" endtime="20241114 17:06:10.756"/>
</kw>
<kw name="Click Link" library="SeleniumLibrary">
<arg>Register new user</arg>
<doc>Clicks a link identified by ``locator``.</doc>
<msg timestamp="20241114 17:06:10.758" level="INFO">Clicking link 'Register new user'.</msg>
<status status="PASS" starttime="20241114 17:06:10.756" endtime="20241114 17:06:12.399"/>
</kw>
<kw name="Register Page Should Be Open">
<kw name="Title Should Be" library="SeleniumLibrary">
<arg>Register</arg>
<doc>Verifies that the current page title equals ``title``.</doc>
<msg timestamp="20241114 17:06:12.919" level="INFO">Page title is 'Register'.</msg>
<status status="PASS" starttime="20241114 17:06:12.401" endtime="20241114 17:06:12.920"/>
</kw>
<status status="PASS" starttime="20241114 17:06:12.400" endtime="20241114 17:06:12.920"/>
</kw>
<status status="PASS" starttime="20241114 17:06:10.196" endtime="20241114 17:06:12.921"/>
</test>
<kw name="Close Browser" library="SeleniumLibrary" type="TEARDOWN">
<doc>Closes the current browser.</doc>
<status status="PASS" starttime="20241114 17:06:12.925" endtime="20241114 17:06:13.544"/>
</kw>
<status status="PASS" starttime="20241114 17:06:06.018" endtime="20241114 17:06:13.544"/>
</suite>
<suite id="s1-s2" name="Login" source="/home/virpi/palautusrepositorio/viikko3/web-login/src/tests/login.robot">
<kw name="Open And Configure Browser" library="resource" type="SETUP">
<if>
<branch type="IF" condition="$BROWSER == 'chrome'">
<kw name="Evaluate" library="BuiltIn">
<var>${options}</var>
<arg>sys.modules['selenium.webdriver'].ChromeOptions()</arg>
<arg>sys</arg>
<doc>Evaluates the given expression in Python and returns the result.</doc>
<msg timestamp="20241114 17:06:13.554" level="INFO">${options} = &lt;selenium.webdriver.chrome.options.Options object at 0x7f05e2cb68f0&gt;</msg>
<status status="PASS" starttime="20241114 17:06:13.554" endtime="20241114 17:06:13.554"/>
</kw>
<status status="PASS" starttime="20241114 17:06:13.553" endtime="20241114 17:06:13.554"/>
</branch>
<branch type="ELSE IF" condition="$BROWSER == 'firefox'">
<kw name="Evaluate" library="BuiltIn">
<var>${options}</var>
<arg>sys.modules['selenium.webdriver'].FirefoxOptions()</arg>
<arg>sys</arg>
<doc>Evaluates the given expression in Python and returns the result.</doc>
<status status="NOT RUN" starttime="20241114 17:06:13.555" endtime="20241114 17:06:13.555"/>
</kw>
<status status="NOT RUN" starttime="20241114 17:06:13.555" endtime="20241114 17:06:13.555"/>
</branch>
<status status="PASS" starttime="20241114 17:06:13.553" endtime="20241114 17:06:13.555"/>
</if>
<if>
<branch type="IF" condition="$HEADLESS == 'true'">
<kw name="Set Selenium Speed" library="SeleniumLibrary">
<arg>0</arg>
<doc>Sets the delay that is waited after each Selenium command.</doc>
<status status="NOT RUN" starttime="20241114 17:06:13.556" endtime="20241114 17:06:13.556"/>
</kw>
<kw name="Call Method" library="BuiltIn">
<arg>${options}</arg>
<arg>add_argument</arg>
<arg>--headless</arg>
<doc>Calls the named method of the given object with the provided arguments.</doc>
<status status="NOT RUN" starttime="20241114 17:06:13.556" endtime="20241114 17:06:13.556"/>
</kw>
<status status="NOT RUN" starttime="20241114 17:06:13.555" endtime="20241114 17:06:13.556"/>
</branch>
<branch type="ELSE">
<kw name="Set Selenium Speed" library="SeleniumLibrary">
<arg>${DELAY}</arg>
<doc>Sets the delay that is waited after each Selenium command.</doc>
<status status="PASS" starttime="20241114 17:06:13.556" endtime="20241114 17:06:13.556"/>
</kw>
<status status="PASS" starttime="20241114 17:06:13.556" endtime="20241114 17:06:13.556"/>
</branch>
<status status="PASS" starttime="20241114 17:06:13.555" endtime="20241114 17:06:13.556"/>
</if>
<kw name="Open Browser" library="SeleniumLibrary">
<arg>browser=${BROWSER}</arg>
<arg>options=${options}</arg>
<doc>Opens a new browser instance to the optional ``url``.</doc>
<msg timestamp="20241114 17:06:13.557" level="INFO">Opening browser 'chrome' to base url 'None'.</msg>
<status status="PASS" starttime="20241114 17:06:13.557" endtime="20241114 17:06:14.726"/>
</kw>
<status status="PASS" starttime="20241114 17:06:13.552" endtime="20241114 17:06:14.727"/>
</kw>
<test id="s1-s2-t1" name="Login With Correct Credentials" line="8">
<kw name="Reset Application Create User And Go To Login Page" type="SETUP">
<kw name="Reset Application" library="AppLibrary">
<status status="PASS" starttime="20241114 17:06:14.728" endtime="20241114 17:06:14.731"/>
</kw>
<kw name="Create User" library="AppLibrary">
<arg>kalle</arg>
<arg>kalle123</arg>
<status status="PASS" starttime="20241114 17:06:14.731" endtime="20241114 17:06:14.739"/>
</kw>
<kw name="Go To Login Page" library="resource">
<kw name="Go To" library="SeleniumLibrary">
<arg>${LOGIN_URL}</arg>
<doc>Navigates the current browser window to the provided ``url``.</doc>
<msg timestamp="20241114 17:06:14.741" level="INFO">Opening url 'http://localhost:5001/login'</msg>
<status status="PASS" starttime="20241114 17:06:14.740" endtime="20241114 17:06:15.298"/>
</kw>
<status status="PASS" starttime="20241114 17:06:14.740" endtime="20241114 17:06:15.298"/>
</kw>
<status status="PASS" starttime="20241114 17:06:14.727" endtime="20241114 17:06:15.298"/>
</kw>
<kw name="Set Username">
<arg>kalle</arg>
<kw name="Input Text" library="SeleniumLibrary">
<arg>username</arg>
<arg>${username}</arg>
<doc>Types the given ``text`` into the text field identified by ``locator``.</doc>
<msg timestamp="20241114 17:06:15.303" level="INFO">Typing text 'kalle' into text field 'username'.</msg>
<status status="PASS" starttime="20241114 17:06:15.300" endtime="20241114 17:06:17.025"/>
</kw>
<status status="PASS" starttime="20241114 17:06:15.299" endtime="20241114 17:06:17.025"/>
</kw>
<kw name="Set Password">
<arg>kalle123</arg>
<kw name="Input Password" library="SeleniumLibrary">
<arg>password</arg>
<arg>${password}</arg>
<doc>Types the given password into the text field identified by ``locator``.</doc>
<msg timestamp="20241114 17:06:17.027" level="INFO">Typing password into text field 'password'.</msg>
<msg timestamp="20241114 17:06:18.095" level="INFO">Temporally setting log level to: NONE</msg>
<msg timestamp="20241114 17:06:18.727" level="INFO">Log level changed from NONE to INFO.</msg>
<status status="PASS" starttime="20241114 17:06:17.026" endtime="20241114 17:06:18.727"/>
</kw>
<status status="PASS" starttime="20241114 17:06:17.025" endtime="20241114 17:06:18.727"/>
</kw>
<kw name="Submit Credentials">
<kw name="Click Button" library="SeleniumLibrary">
<arg>Login</arg>
<doc>Clicks the button identified by ``locator``.</doc>
<msg timestamp="20241114 17:06:18.728" level="INFO">Clicking button 'Login'.</msg>
<status status="PASS" starttime="20241114 17:06:18.728" endtime="20241114 17:06:20.926"/>
</kw>
<status status="PASS" starttime="20241114 17:06:18.728" endtime="20241114 17:06:20.927"/>
</kw>
<kw name="Login Should Succeed">
<kw name="Main Page Should Be Open" library="resource">
<kw name="Title Should Be" library="SeleniumLibrary">
<arg>Ohtu Application main page</arg>
<doc>Verifies that the current page title equals ``title``.</doc>
<msg timestamp="20241114 17:06:21.458" level="INFO">Page title is 'Ohtu Application main page'.</msg>
<status status="PASS" starttime="20241114 17:06:20.930" endtime="20241114 17:06:21.459"/>
</kw>
<status status="PASS" starttime="20241114 17:06:20.928" endtime="20241114 17:06:21.459"/>
</kw>
<status status="PASS" starttime="20241114 17:06:20.928" endtime="20241114 17:06:21.459"/>
</kw>
<status status="PASS" starttime="20241114 17:06:14.727" endtime="20241114 17:06:21.460"/>
</test>
<test id="s1-s2-t2" name="Login With Incorrect Password" line="14">
<kw name="Reset Application Create User And Go To Login Page" type="SETUP">
<kw name="Reset Application" library="AppLibrary">
<status status="PASS" starttime="20241114 17:06:21.462" endtime="20241114 17:06:21.469"/>
</kw>
<kw name="Create User" library="AppLibrary">
<arg>kalle</arg>
<arg>kalle123</arg>
<status status="PASS" starttime="20241114 17:06:21.469" endtime="20241114 17:06:21.479"/>
</kw>
<kw name="Go To Login Page" library="resource">
<kw name="Go To" library="SeleniumLibrary">
<arg>${LOGIN_URL}</arg>
<doc>Navigates the current browser window to the provided ``url``.</doc>
<msg timestamp="20241114 17:06:21.480" level="INFO">Opening url 'http://localhost:5001/login'</msg>
<status status="PASS" starttime="20241114 17:06:21.479" endtime="20241114 17:06:22.018"/>
</kw>
<status status="PASS" starttime="20241114 17:06:21.479" endtime="20241114 17:06:22.018"/>
</kw>
<status status="PASS" starttime="20241114 17:06:21.462" endtime="20241114 17:06:22.019"/>
</kw>
<kw name="Set Username">
<arg>kalle</arg>
<kw name="Input Text" library="SeleniumLibrary">
<arg>username</arg>
<arg>${username}</arg>
<doc>Types the given ``text`` into the text field identified by ``locator``.</doc>
<msg timestamp="20241114 17:06:22.023" level="INFO">Typing text 'kalle' into text field 'username'.</msg>
<status status="PASS" starttime="20241114 17:06:22.021" endtime="20241114 17:06:23.743"/>
</kw>
<status status="PASS" starttime="20241114 17:06:22.020" endtime="20241114 17:06:23.743"/>
</kw>
<kw name="Set Password">
<arg>kalle456</arg>
<kw name="Input Password" library="SeleniumLibrary">
<arg>password</arg>
<arg>${password}</arg>
<doc>Types the given password into the text field identified by ``locator``.</doc>
<msg timestamp="20241114 17:06:23.747" level="INFO">Typing password into text field 'password'.</msg>
<msg timestamp="20241114 17:06:24.828" level="INFO">Temporally setting log level to: NONE</msg>
<msg timestamp="20241114 17:06:25.432" level="INFO">Log level changed from NONE to INFO.</msg>
<status status="PASS" starttime="20241114 17:06:23.745" endtime="20241114 17:06:25.432"/>
</kw>
<status status="PASS" starttime="20241114 17:06:23.744" endtime="20241114 17:06:25.433"/>
</kw>
<kw name="Submit Credentials">
<kw name="Click Button" library="SeleniumLibrary">
<arg>Login</arg>
<doc>Clicks the button identified by ``locator``.</doc>
<msg timestamp="20241114 17:06:25.436" level="INFO">Clicking button 'Login'.</msg>
<status status="PASS" starttime="20241114 17:06:25.435" endtime="20241114 17:06:27.635"/>
</kw>
<status status="PASS" starttime="20241114 17:06:25.433" endtime="20241114 17:06:27.635"/>
</kw>
<kw name="Login Should Fail With Message">
<arg>Invalid username or password</arg>
<kw name="Login Page Should Be Open" library="resource">
<kw name="Title Should Be" library="SeleniumLibrary">
<arg>Login</arg>
<doc>Verifies that the current page title equals ``title``.</doc>
<msg timestamp="20241114 17:06:28.167" level="INFO">Page title is 'Login'.</msg>
<status status="PASS" starttime="20241114 17:06:27.638" endtime="20241114 17:06:28.168"/>
</kw>
<status status="PASS" starttime="20241114 17:06:27.637" endtime="20241114 17:06:28.168"/>
</kw>
<kw name="Page Should Contain" library="SeleniumLibrary">
<arg>${message}</arg>
<doc>Verifies that current page contains ``text``.</doc>
<msg timestamp="20241114 17:06:29.232" level="INFO">Current page contains text 'Invalid username or password'.</msg>
<status status="PASS" starttime="20241114 17:06:28.169" endtime="20241114 17:06:29.233"/>
</kw>
<status status="PASS" starttime="20241114 17:06:27.636" endtime="20241114 17:06:29.233"/>
</kw>
<status status="PASS" starttime="20241114 17:06:21.461" endtime="20241114 17:06:29.234"/>
</test>
<test id="s1-s2-t3" name="Login With Nonexistent Username" line="20">
<kw name="Reset Application Create User And Go To Login Page" type="SETUP">
<kw name="Reset Application" library="AppLibrary">
<status status="PASS" starttime="20241114 17:06:29.239" endtime="20241114 17:06:29.250"/>
</kw>
<kw name="Create User" library="AppLibrary">
<arg>kalle</arg>
<arg>kalle123</arg>
<status status="PASS" starttime="20241114 17:06:29.251" endtime="20241114 17:06:29.267"/>
</kw>
<kw name="Go To Login Page" library="resource">
<kw name="Go To" library="SeleniumLibrary">
<arg>${LOGIN_URL}</arg>
<doc>Navigates the current browser window to the provided ``url``.</doc>
<msg timestamp="20241114 17:06:29.268" level="INFO">Opening url 'http://localhost:5001/login'</msg>
<status status="PASS" starttime="20241114 17:06:29.268" endtime="20241114 17:06:29.806"/>
</kw>
<status status="PASS" starttime="20241114 17:06:29.267" endtime="20241114 17:06:29.807"/>
</kw>
<status status="PASS" starttime="20241114 17:06:29.238" endtime="20241114 17:06:29.807"/>
</kw>
<kw name="Set Username">
<arg>ville</arg>
<kw name="Input Text" library="SeleniumLibrary">
<arg>username</arg>
<arg>${username}</arg>
<doc>Types the given ``text`` into the text field identified by ``locator``.</doc>
<msg timestamp="20241114 17:06:29.811" level="INFO">Typing text 'ville' into text field 'username'.</msg>
<status status="PASS" starttime="20241114 17:06:29.809" endtime="20241114 17:06:31.513"/>
</kw>
<status status="PASS" starttime="20241114 17:06:29.808" endtime="20241114 17:06:31.514"/>
</kw>
<kw name="Set Password">
<arg>ville456</arg>
<kw name="Input Password" library="SeleniumLibrary">
<arg>password</arg>
<arg>${password}</arg>
<doc>Types the given password into the text field identified by ``locator``.</doc>
<msg timestamp="20241114 17:06:31.518" level="INFO">Typing password into text field 'password'.</msg>
<msg timestamp="20241114 17:06:32.615" level="INFO">Temporally setting log level to: NONE</msg>
<msg timestamp="20241114 17:06:33.235" level="INFO">Log level changed from NONE to INFO.</msg>
<status status="PASS" starttime="20241114 17:06:31.516" endtime="20241114 17:06:33.235"/>
</kw>
<status status="PASS" starttime="20241114 17:06:31.515" endtime="20241114 17:06:33.236"/>
</kw>
<kw name="Submit Credentials">
<kw name="Click Button" library="SeleniumLibrary">
<arg>Login</arg>
<doc>Clicks the button identified by ``locator``.</doc>
<msg timestamp="20241114 17:06:33.239" level="INFO">Clicking button 'Login'.</msg>
<status status="PASS" starttime="20241114 17:06:33.238" endtime="20241114 17:06:35.419"/>
</kw>
<status status="PASS" starttime="20241114 17:06:33.236" endtime="20241114 17:06:35.419"/>
</kw>
<kw name="Login Should Fail With Message">
<arg>Invalid username or password</arg>
<kw name="Login Page Should Be Open" library="resource">
<kw name="Title Should Be" library="SeleniumLibrary">
<arg>Login</arg>
<doc>Verifies that the current page title equals ``title``.</doc>
<msg timestamp="20241114 17:06:35.948" level="INFO">Page title is 'Login'.</msg>
<status status="PASS" starttime="20241114 17:06:35.423" endtime="20241114 17:06:35.949"/>
</kw>
<status status="PASS" starttime="20241114 17:06:35.422" endtime="20241114 17:06:35.949"/>
</kw>
<kw name="Page Should Contain" library="SeleniumLibrary">
<arg>${message}</arg>
<doc>Verifies that current page contains ``text``.</doc>
<msg timestamp="20241114 17:06:37.004" level="INFO">Current page contains text 'Invalid username or password'.</msg>
<status status="PASS" starttime="20241114 17:06:35.950" endtime="20241114 17:06:37.004"/>
</kw>
<status status="PASS" starttime="20241114 17:06:35.420" endtime="20241114 17:06:37.005"/>
</kw>
<status status="PASS" starttime="20241114 17:06:29.236" endtime="20241114 17:06:37.006"/>
</test>
<kw name="Close Browser" library="SeleniumLibrary" type="TEARDOWN">
<doc>Closes the current browser.</doc>
<status status="PASS" starttime="20241114 17:06:37.009" endtime="20241114 17:06:37.572"/>
</kw>
<status status="PASS" starttime="20241114 17:06:13.546" endtime="20241114 17:06:37.572"/>
</suite>
<suite id="s1-s3" name="Register" source="/home/virpi/palautusrepositorio/viikko3/web-login/src/tests/register.robot">
<kw name="Open And Configure Browser" library="resource" type="SETUP">
<if>
<branch type="IF" condition="$BROWSER == 'chrome'">
<kw name="Evaluate" library="BuiltIn">
<var>${options}</var>
<arg>sys.modules['selenium.webdriver'].ChromeOptions()</arg>
<arg>sys</arg>
<doc>Evaluates the given expression in Python and returns the result.</doc>
<msg timestamp="20241114 17:06:37.585" level="INFO">${options} = &lt;selenium.webdriver.chrome.options.Options object at 0x7f05e2b673d0&gt;</msg>
<status status="PASS" starttime="20241114 17:06:37.584" endtime="20241114 17:06:37.585"/>
</kw>
<status status="PASS" starttime="20241114 17:06:37.584" endtime="20241114 17:06:37.585"/>
</branch>
<branch type="ELSE IF" condition="$BROWSER == 'firefox'">
<kw name="Evaluate" library="BuiltIn">
<var>${options}</var>
<arg>sys.modules['selenium.webdriver'].FirefoxOptions()</arg>
<arg>sys</arg>
<doc>Evaluates the given expression in Python and returns the result.</doc>
<status status="NOT RUN" starttime="20241114 17:06:37.585" endtime="20241114 17:06:37.585"/>
</kw>
<status status="NOT RUN" starttime="20241114 17:06:37.585" endtime="20241114 17:06:37.585"/>
</branch>
<status status="PASS" starttime="20241114 17:06:37.584" endtime="20241114 17:06:37.585"/>
</if>
<if>
<branch type="IF" condition="$HEADLESS == 'true'">
<kw name="Set Selenium Speed" library="SeleniumLibrary">
<arg>0</arg>
<doc>Sets the delay that is waited after each Selenium command.</doc>
<status status="NOT RUN" starttime="20241114 17:06:37.585" endtime="20241114 17:06:37.585"/>
</kw>
<kw name="Call Method" library="BuiltIn">
<arg>${options}</arg>
<arg>add_argument</arg>
<arg>--headless</arg>
<doc>Calls the named method of the given object with the provided arguments.</doc>
<status status="NOT RUN" starttime="20241114 17:06:37.586" endtime="20241114 17:06:37.586"/>
</kw>
<status status="NOT RUN" starttime="20241114 17:06:37.585" endtime="20241114 17:06:37.586"/>
</branch>
<branch type="ELSE">
<kw name="Set Selenium Speed" library="SeleniumLibrary">
<arg>${DELAY}</arg>
<doc>Sets the delay that is waited after each Selenium command.</doc>
<status status="PASS" starttime="20241114 17:06:37.586" endtime="20241114 17:06:37.586"/>
</kw>
<status status="PASS" starttime="20241114 17:06:37.586" endtime="20241114 17:06:37.586"/>
</branch>
<status status="PASS" starttime="20241114 17:06:37.585" endtime="20241114 17:06:37.586"/>
</if>
<kw name="Open Browser" library="SeleniumLibrary">
<arg>browser=${BROWSER}</arg>
<arg>options=${options}</arg>
<doc>Opens a new browser instance to the optional ``url``.</doc>
<msg timestamp="20241114 17:06:37.587" level="INFO">Opening browser 'chrome' to base url 'None'.</msg>
<status status="PASS" starttime="20241114 17:06:37.587" endtime="20241114 17:06:38.772"/>
</kw>
<status status="PASS" starttime="20241114 17:06:37.583" endtime="20241114 17:06:38.772"/>
</kw>
<test id="s1-s3-t1" name="Register With Valid Username And Password" line="9">
<kw name="Reset Application Create User And Go To Register Page" type="SETUP">
<kw name="Reset Application" library="AppLibrary">
<status status="PASS" starttime="20241114 17:06:38.773" endtime="20241114 17:06:38.777"/>
</kw>
<kw name="Create User" library="AppLibrary">
<arg>kalle</arg>
<arg>kalle123</arg>
<status status="PASS" starttime="20241114 17:06:38.777" endtime="20241114 17:06:38.785"/>
</kw>
<kw name="Go To" library="SeleniumLibrary">
<arg>${REGISTER_URL}</arg>
<doc>Navigates the current browser window to the provided ``url``.</doc>
<msg timestamp="20241114 17:06:38.786" level="INFO">Opening url 'http://localhost:5001/register'</msg>
<status status="PASS" starttime="20241114 17:06:38.786" endtime="20241114 17:06:39.354"/>
</kw>
<status status="PASS" starttime="20241114 17:06:38.773" endtime="20241114 17:06:39.354"/>
</kw>
<kw name="Set Username">
<arg>julle</arg>
<kw name="Input Text" library="SeleniumLibrary">
<arg>username</arg>
<arg>${username}</arg>
<doc>Types the given ``text`` into the text field identified by ``locator``.</doc>
<msg timestamp="20241114 17:06:39.358" level="INFO">Typing text 'julle' into text field 'username'.</msg>
<status status="PASS" starttime="20241114 17:06:39.357" endtime="20241114 17:06:41.113"/>
</kw>
<status status="PASS" starttime="20241114 17:06:39.355" endtime="20241114 17:06:41.114"/>
</kw>
<kw name="Set Password">
<arg>julle123</arg>
<kw name="Input Password" library="SeleniumLibrary">
<arg>password</arg>
<arg>${password}</arg>
<doc>Types the given password into the text field identified by ``locator``.</doc>
<msg timestamp="20241114 17:06:41.117" level="INFO">Typing password into text field 'password'.</msg>
<msg timestamp="20241114 17:06:42.209" level="INFO">Temporally setting log level to: NONE</msg>
<msg timestamp="20241114 17:06:42.791" level="INFO">Log level changed from NONE to INFO.</msg>
<status status="PASS" starttime="20241114 17:06:41.116" endtime="20241114 17:06:42.792"/>
</kw>
<status status="PASS" starttime="20241114 17:06:41.114" endtime="20241114 17:06:42.792"/>
</kw>
<kw name="Set Password_confirmation">
<arg>julle123</arg>
<kw name="Input Password" library="SeleniumLibrary">
<arg>password_confirmation</arg>
<arg>${password_confirmation}</arg>
<doc>Types the given password into the text field identified by ``locator``.</doc>
<msg timestamp="20241114 17:06:42.796" level="INFO">Typing password into text field 'password_confirmation'.</msg>
<msg timestamp="20241114 17:06:43.920" level="INFO">Temporally setting log level to: NONE</msg>
<msg timestamp="20241114 17:06:44.545" level="INFO">Log level changed from NONE to INFO.</msg>
<status status="PASS" starttime="20241114 17:06:42.794" endtime="20241114 17:06:44.545"/>
</kw>
<status status="PASS" starttime="20241114 17:06:42.793" endtime="20241114 17:06:44.546"/>
</kw>
<kw name="Submit Credentials">
<kw name="Click Button" library="SeleniumLibrary">
<arg>Register</arg>
<doc>Clicks the button identified by ``locator``.</doc>
<msg timestamp="20241114 17:06:44.550" level="INFO">Clicking button 'Register'.</msg>
<status status="PASS" starttime="20241114 17:06:44.548" endtime="20241114 17:06:46.758"/>
</kw>
<status status="PASS" starttime="20241114 17:06:44.547" endtime="20241114 17:06:46.759"/>
</kw>
<kw name="Register Should Succeed">
<kw name="Welcome Page Should Be Open">
<kw name="Title Should Be" library="SeleniumLibrary">
<arg>Welcome to Ohtu Application!</arg>
<doc>Verifies that the current page title equals ``title``.</doc>
<msg timestamp="20241114 17:06:47.288" level="INFO">Page title is 'Welcome to Ohtu Application!'.</msg>
<status status="PASS" starttime="20241114 17:06:46.762" endtime="20241114 17:06:47.288"/>
</kw>
<status status="PASS" starttime="20241114 17:06:46.761" endtime="20241114 17:06:47.289"/>
</kw>
<status status="PASS" starttime="20241114 17:06:46.759" endtime="20241114 17:06:47.289"/>
</kw>
<status status="PASS" starttime="20241114 17:06:38.772" endtime="20241114 17:06:47.290"/>
</test>
<test id="s1-s3-t2" name="Register With Too Short Username And Valid Password" line="16">
<kw name="Reset Application Create User And Go To Register Page" type="SETUP">
<kw name="Reset Application" library="AppLibrary">
<status status="PASS" starttime="20241114 17:06:47.296" endtime="20241114 17:06:47.307"/>
</kw>
<kw name="Create User" library="AppLibrary">
<arg>kalle</arg>
<arg>kalle123</arg>
<status status="PASS" starttime="20241114 17:06:47.307" endtime="20241114 17:06:47.319"/>
</kw>
<kw name="Go To" library="SeleniumLibrary">
<arg>${REGISTER_URL}</arg>
<doc>Navigates the current browser window to the provided ``url``.</doc>
<msg timestamp="20241114 17:06:47.319" level="INFO">Opening url 'http://localhost:5001/register'</msg>
<status status="PASS" starttime="20241114 17:06:47.319" endtime="20241114 17:06:47.856"/>
</kw>
<status status="PASS" starttime="20241114 17:06:47.294" endtime="20241114 17:06:47.856"/>
</kw>
<kw name="Set Username">
<arg>jl</arg>
<kw name="Input Text" library="SeleniumLibrary">
<arg>username</arg>
<arg>${username}</arg>
<doc>Types the given ``text`` into the text field identified by ``locator``.</doc>
<msg timestamp="20241114 17:06:47.861" level="INFO">Typing text 'jl' into text field 'username'.</msg>
<status status="PASS" starttime="20241114 17:06:47.859" endtime="20241114 17:06:49.576"/>
</kw>
<status status="PASS" starttime="20241114 17:06:47.857" endtime="20241114 17:06:49.577"/>
</kw>
<kw name="Set Password">
<arg>jllle123</arg>
<kw name="Input Password" library="SeleniumLibrary">
<arg>password</arg>
<arg>${password}</arg>
<doc>Types the given password into the text field identified by ``locator``.</doc>
<msg timestamp="20241114 17:06:49.580" level="INFO">Typing password into text field 'password'.</msg>
<msg timestamp="20241114 17:06:50.650" level="INFO">Temporally setting log level to: NONE</msg>
<msg timestamp="20241114 17:06:51.259" level="INFO">Log level changed from NONE to INFO.</msg>
<status status="PASS" starttime="20241114 17:06:49.579" endtime="20241114 17:06:51.260"/>
</kw>
<status status="PASS" starttime="20241114 17:06:49.578" endtime="20241114 17:06:51.260"/>
</kw>
<kw name="Set Password_confirmation">
<arg>jllle123</arg>
<kw name="Input Password" library="SeleniumLibrary">
<arg>password_confirmation</arg>
<arg>${password_confirmation}</arg>
<doc>Types the given password into the text field identified by ``locator``.</doc>
<msg timestamp="20241114 17:06:51.264" level="INFO">Typing password into text field 'password_confirmation'.</msg>
<msg timestamp="20241114 17:06:52.372" level="INFO">Temporally setting log level to: NONE</msg>
<msg timestamp="20241114 17:06:52.992" level="INFO">Log level changed from NONE to INFO.</msg>
<status status="PASS" starttime="20241114 17:06:51.262" endtime="20241114 17:06:52.992"/>
</kw>
<status status="PASS" starttime="20241114 17:06:51.261" endtime="20241114 17:06:52.993"/>
</kw>
<kw name="Submit Credentials">
<kw name="Click Button" library="SeleniumLibrary">
<arg>Register</arg>
<doc>Clicks the button identified by ``locator``.</doc>
<msg timestamp="20241114 17:06:52.996" level="INFO">Clicking button 'Register'.</msg>
<status status="PASS" starttime="20241114 17:06:52.995" endtime="20241114 17:06:55.184"/>
</kw>
<status status="PASS" starttime="20241114 17:06:52.993" endtime="20241114 17:06:55.184"/>
</kw>
<kw name="Register Should Fail With Message">
<arg>Too Short Username</arg>
<kw name="Register Page Should Be Open">
<kw name="Title Should Be" library="SeleniumLibrary">
<arg>Register</arg>
<doc>Verifies that the current page title equals ``title``.</doc>
<msg timestamp="20241114 17:06:55.711" level="INFO">Page title is 'Register'.</msg>
<status status="PASS" starttime="20241114 17:06:55.188" endtime="20241114 17:06:55.711"/>
</kw>
<status status="PASS" starttime="20241114 17:06:55.187" endtime="20241114 17:06:55.712"/>
</kw>
<kw name="Page Should Contain" library="SeleniumLibrary">
<arg>${message}</arg>
<doc>Verifies that current page contains ``text``.</doc>
<msg timestamp="20241114 17:06:56.774" level="INFO">Current page contains text 'Too Short Username'.</msg>
<status status="PASS" starttime="20241114 17:06:55.713" endtime="20241114 17:06:56.774"/>
</kw>
<status status="PASS" starttime="20241114 17:06:55.185" endtime="20241114 17:06:56.775"/>
</kw>
<status status="PASS" starttime="20241114 17:06:47.292" endtime="20241114 17:06:56.776"/>
</test>
<test id="s1-s3-t3" name="Register With Valid Username And Too Short Password" line="23">
<kw name="Reset Application Create User And Go To Register Page" type="SETUP">
<kw name="Reset Application" library="AppLibrary">
<status status="PASS" starttime="20241114 17:06:56.781" endtime="20241114 17:06:56.793"/>
</kw>
<kw name="Create User" library="AppLibrary">
<arg>kalle</arg>
<arg>kalle123</arg>
<status status="PASS" starttime="20241114 17:06:56.795" endtime="20241114 17:06:56.809"/>
</kw>
<kw name="Go To" library="SeleniumLibrary">
<arg>${REGISTER_URL}</arg>
<doc>Navigates the current browser window to the provided ``url``.</doc>
<msg timestamp="20241114 17:06:56.810" level="INFO">Opening url 'http://localhost:5001/register'</msg>
<status status="PASS" starttime="20241114 17:06:56.810" endtime="20241114 17:06:57.350"/>
</kw>
<status status="PASS" starttime="20241114 17:06:56.780" endtime="20241114 17:06:57.350"/>
</kw>
<kw name="Set Username">
<arg>jille</arg>
<kw name="Input Text" library="SeleniumLibrary">
<arg>username</arg>
<arg>${username}</arg>
<doc>Types the given ``text`` into the text field identified by ``locator``.</doc>
<msg timestamp="20241114 17:06:57.354" level="INFO">Typing text 'jille' into text field 'username'.</msg>
<status status="PASS" starttime="20241114 17:06:57.352" endtime="20241114 17:06:59.079"/>
</kw>
<status status="PASS" starttime="20241114 17:06:57.351" endtime="20241114 17:06:59.080"/>
</kw>
<kw name="Set Password">
<arg>jille33</arg>
<kw name="Input Password" library="SeleniumLibrary">
<arg>password</arg>
<arg>${password}</arg>
<doc>Types the given password into the text field identified by ``locator``.</doc>
<msg timestamp="20241114 17:06:59.084" level="INFO">Typing password into text field 'password'.</msg>
<msg timestamp="20241114 17:07:00.178" level="INFO">Temporally setting log level to: NONE</msg>
<msg timestamp="20241114 17:07:00.746" level="INFO">Log level changed from NONE to INFO.</msg>
<status status="PASS" starttime="20241114 17:06:59.082" endtime="20241114 17:07:00.746"/>
</kw>
<status status="PASS" starttime="20241114 17:06:59.081" endtime="20241114 17:07:00.747"/>
</kw>
<kw name="Set Password_confirmation">
<arg>jille33</arg>
<kw name="Input Password" library="SeleniumLibrary">
<arg>password_confirmation</arg>
<arg>${password_confirmation}</arg>
<doc>Types the given password into the text field identified by ``locator``.</doc>
<msg timestamp="20241114 17:07:00.751" level="INFO">Typing password into text field 'password_confirmation'.</msg>
<msg timestamp="20241114 17:07:01.846" level="INFO">Temporally setting log level to: NONE</msg>
<msg timestamp="20241114 17:07:02.434" level="INFO">Log level changed from NONE to INFO.</msg>
<status status="PASS" starttime="20241114 17:07:00.749" endtime="20241114 17:07:02.434"/>
</kw>
<status status="PASS" starttime="20241114 17:07:00.747" endtime="20241114 17:07:02.435"/>
</kw>
<kw name="Submit Credentials">
<kw name="Click Button" library="SeleniumLibrary">
<arg>Register</arg>
<doc>Clicks the button identified by ``locator``.</doc>
<msg timestamp="20241114 17:07:02.439" level="INFO">Clicking button 'Register'.</msg>
<status status="PASS" starttime="20241114 17:07:02.437" endtime="20241114 17:07:04.613"/>
</kw>
<status status="PASS" starttime="20241114 17:07:02.436" endtime="20241114 17:07:04.613"/>
</kw>
<kw name="Register Should Fail With Message">
<arg>Too Short or Invalid Password</arg>
<kw name="Register Page Should Be Open">
<kw name="Title Should Be" library="SeleniumLibrary">
<arg>Register</arg>
<doc>Verifies that the current page title equals ``title``.</doc>
<msg timestamp="20241114 17:07:05.144" level="INFO">Page title is 'Register'.</msg>
<status status="PASS" starttime="20241114 17:07:04.616" endtime="20241114 17:07:05.144"/>
</kw>
<status status="PASS" starttime="20241114 17:07:04.615" endtime="20241114 17:07:05.145"/>
</kw>
<kw name="Page Should Contain" library="SeleniumLibrary">
<arg>${message}</arg>
<doc>Verifies that current page contains ``text``.</doc>
<msg timestamp="20241114 17:07:06.208" level="INFO">Current page contains text 'Too Short or Invalid Password'.</msg>
<status status="PASS" starttime="20241114 17:07:05.145" endtime="20241114 17:07:06.208"/>
</kw>
<status status="PASS" starttime="20241114 17:07:04.614" endtime="20241114 17:07:06.208"/>
</kw>
<status status="PASS" starttime="20241114 17:06:56.777" endtime="20241114 17:07:06.209"/>
</test>
<test id="s1-s3-t4" name="Register With Valid Username And Invalid Password" line="30">
<kw name="Reset Application Create User And Go To Register Page" type="SETUP">
<kw name="Reset Application" library="AppLibrary">
<status status="PASS" starttime="20241114 17:07:06.214" endtime="20241114 17:07:06.224"/>
</kw>
<kw name="Create User" library="AppLibrary">
<arg>kalle</arg>
<arg>kalle123</arg>
<status status="PASS" starttime="20241114 17:07:06.225" endtime="20241114 17:07:06.235"/>
</kw>
<kw name="Go To" library="SeleniumLibrary">
<arg>${REGISTER_URL}</arg>
<doc>Navigates the current browser window to the provided ``url``.</doc>
<msg timestamp="20241114 17:07:06.236" level="INFO">Opening url 'http://localhost:5001/register'</msg>
<status status="PASS" starttime="20241114 17:07:06.236" endtime="20241114 17:07:06.768"/>
</kw>
<status status="PASS" starttime="20241114 17:07:06.213" endtime="20241114 17:07:06.769"/>
</kw>
<kw name="Set Username">
<arg>jille</arg>
<kw name="Input Text" library="SeleniumLibrary">
<arg>username</arg>
<arg>${username}</arg>
<doc>Types the given ``text`` into the text field identified by ``locator``.</doc>
<msg timestamp="20241114 17:07:06.773" level="INFO">Typing text 'jille' into text field 'username'.</msg>
<status status="PASS" starttime="20241114 17:07:06.771" endtime="20241114 17:07:08.447"/>
</kw>
<status status="PASS" starttime="20241114 17:07:06.770" endtime="20241114 17:07:08.448"/>
</kw>
<kw name="Set Password">
<arg>jilleeee</arg>
<kw name="Input Password" library="SeleniumLibrary">
<arg>password</arg>
<arg>${password}</arg>
<doc>Types the given password into the text field identified by ``locator``.</doc>
<msg timestamp="20241114 17:07:08.452" level="INFO">Typing password into text field 'password'.</msg>
<msg timestamp="20241114 17:07:09.534" level="INFO">Temporally setting log level to: NONE</msg>
<msg timestamp="20241114 17:07:10.125" level="INFO">Log level changed from NONE to INFO.</msg>
<status status="PASS" starttime="20241114 17:07:08.450" endtime="20241114 17:07:10.126"/>
</kw>
<status status="PASS" starttime="20241114 17:07:08.449" endtime="20241114 17:07:10.126"/>
</kw>
<kw name="Set Password_confirmation">
<arg>jilleeee</arg>
<kw name="Input Password" library="SeleniumLibrary">
<arg>password_confirmation</arg>
<arg>${password_confirmation}</arg>
<doc>Types the given password into the text field identified by ``locator``.</doc>
<msg timestamp="20241114 17:07:10.130" level="INFO">Typing password into text field 'password_confirmation'.</msg>
<msg timestamp="20241114 17:07:11.222" level="INFO">Temporally setting log level to: NONE</msg>
<msg timestamp="20241114 17:07:11.841" level="INFO">Log level changed from NONE to INFO.</msg>
<status status="PASS" starttime="20241114 17:07:10.128" endtime="20241114 17:07:11.842"/>
</kw>
<status status="PASS" starttime="20241114 17:07:10.127" endtime="20241114 17:07:11.842"/>
</kw>
<kw name="Submit Credentials">
<kw name="Click Button" library="SeleniumLibrary">
<arg>Register</arg>
<doc>Clicks the button identified by ``locator``.</doc>
<msg timestamp="20241114 17:07:11.846" level="INFO">Clicking button 'Register'.</msg>
<status status="PASS" starttime="20241114 17:07:11.844" endtime="20241114 17:07:14.056"/>
</kw>
<status status="PASS" starttime="20241114 17:07:11.843" endtime="20241114 17:07:14.056"/>
</kw>
<kw name="Register Should Fail With Message">
<arg>Too Short or Invalid Password</arg>
<kw name="Register Page Should Be Open">
<kw name="Title Should Be" library="SeleniumLibrary">
<arg>Register</arg>
<doc>Verifies that the current page title equals ``title``.</doc>
<msg timestamp="20241114 17:07:14.587" level="INFO">Page title is 'Register'.</msg>
<status status="PASS" starttime="20241114 17:07:14.059" endtime="20241114 17:07:14.587"/>
</kw>
<status status="PASS" starttime="20241114 17:07:14.058" endtime="20241114 17:07:14.588"/>
</kw>
<kw name="Page Should Contain" library="SeleniumLibrary">
<arg>${message}</arg>
<doc>Verifies that current page contains ``text``.</doc>
<msg timestamp="20241114 17:07:15.639" level="INFO">Current page contains text 'Too Short or Invalid Password'.</msg>
<status status="PASS" starttime="20241114 17:07:14.588" endtime="20241114 17:07:15.640"/>
</kw>
<status status="PASS" starttime="20241114 17:07:14.057" endtime="20241114 17:07:15.640"/>
</kw>
<status status="PASS" starttime="20241114 17:07:06.211" endtime="20241114 17:07:15.641"/>
</test>
<test id="s1-s3-t5" name="Register With Nonmatching Password And Password Confirmation" line="37">
<kw name="Reset Application Create User And Go To Register Page" type="SETUP">
<kw name="Reset Application" library="AppLibrary">
<status status="PASS" starttime="20241114 17:07:15.646" endtime="20241114 17:07:15.653"/>
</kw>
<kw name="Create User" library="AppLibrary">
<arg>kalle</arg>
<arg>kalle123</arg>
<status status="PASS" starttime="20241114 17:07:15.653" endtime="20241114 17:07:15.664"/>
</kw>
<kw name="Go To" library="SeleniumLibrary">
<arg>${REGISTER_URL}</arg>
<doc>Navigates the current browser window to the provided ``url``.</doc>
<msg timestamp="20241114 17:07:15.664" level="INFO">Opening url 'http://localhost:5001/register'</msg>
<status status="PASS" starttime="20241114 17:07:15.664" endtime="20241114 17:07:16.199"/>
</kw>
<status status="PASS" starttime="20241114 17:07:15.645" endtime="20241114 17:07:16.199"/>
</kw>
<kw name="Set Username">
<arg>jille</arg>
<kw name="Input Text" library="SeleniumLibrary">
<arg>username</arg>
<arg>${username}</arg>
<doc>Types the given ``text`` into the text field identified by ``locator``.</doc>
<msg timestamp="20241114 17:07:16.204" level="INFO">Typing text 'jille' into text field 'username'.</msg>
<status status="PASS" starttime="20241114 17:07:16.202" endtime="20241114 17:07:17.916"/>
</kw>
<status status="PASS" starttime="20241114 17:07:16.200" endtime="20241114 17:07:17.916"/>
</kw>
<kw name="Set Password">
<arg>jille123</arg>
<kw name="Input Password" library="SeleniumLibrary">
<arg>password</arg>
<arg>${password}</arg>
<doc>Types the given password into the text field identified by ``locator``.</doc>
<msg timestamp="20241114 17:07:17.920" level="INFO">Typing password into text field 'password'.</msg>
<msg timestamp="20241114 17:07:19.019" level="INFO">Temporally setting log level to: NONE</msg>
<msg timestamp="20241114 17:07:19.583" level="INFO">Log level changed from NONE to INFO.</msg>
<status status="PASS" starttime="20241114 17:07:17.919" endtime="20241114 17:07:19.583"/>
</kw>
<status status="PASS" starttime="20241114 17:07:17.917" endtime="20241114 17:07:19.584"/>
</kw>
<kw name="Set Password_confirmation">
<arg>jille456</arg>
<kw name="Input Password" library="SeleniumLibrary">
<arg>password_confirmation</arg>
<arg>${password_confirmation}</arg>
<doc>Types the given password into the text field identified by ``locator``.</doc>
<msg timestamp="20241114 17:07:19.587" level="INFO">Typing password into text field 'password_confirmation'.</msg>
<msg timestamp="20241114 17:07:20.698" level="INFO">Temporally setting log level to: NONE</msg>
<msg timestamp="20241114 17:07:21.302" level="INFO">Log level changed from NONE to INFO.</msg>
<status status="PASS" starttime="20241114 17:07:19.586" endtime="20241114 17:07:21.303"/>
</kw>
<status status="PASS" starttime="20241114 17:07:19.584" endtime="20241114 17:07:21.303"/>
</kw>
<kw name="Submit Credentials">
<kw name="Click Button" library="SeleniumLibrary">
<arg>Register</arg>
<doc>Clicks the button identified by ``locator``.</doc>
<msg timestamp="20241114 17:07:21.307" level="INFO">Clicking button 'Register'.</msg>
<status status="PASS" starttime="20241114 17:07:21.305" endtime="20241114 17:07:23.507"/>
</kw>
<status status="PASS" starttime="20241114 17:07:21.304" endtime="20241114 17:07:23.508"/>
</kw>
<kw name="Register Should Fail With Message">
<arg>Nonmatching passwords</arg>
<kw name="Register Page Should Be Open">
<kw name="Title Should Be" library="SeleniumLibrary">
<arg>Register</arg>
<doc>Verifies that the current page title equals ``title``.</doc>
<msg timestamp="20241114 17:07:24.039" level="INFO">Page title is 'Register'.</msg>
<status status="PASS" starttime="20241114 17:07:23.511" endtime="20241114 17:07:24.040"/>
</kw>
<status status="PASS" starttime="20241114 17:07:23.510" endtime="20241114 17:07:24.040"/>
</kw>
<kw name="Page Should Contain" library="SeleniumLibrary">
<arg>${message}</arg>
<doc>Verifies that current page contains ``text``.</doc>
<msg timestamp="20241114 17:07:25.097" level="INFO">Current page contains text 'Nonmatching passwords'.</msg>
<status status="PASS" starttime="20241114 17:07:24.041" endtime="20241114 17:07:25.098"/>
</kw>
<status status="PASS" starttime="20241114 17:07:23.509" endtime="20241114 17:07:25.099"/>
</kw>
<status status="PASS" starttime="20241114 17:07:15.642" endtime="20241114 17:07:25.100"/>
</test>
<test id="s1-s3-t6" name="Register With Username That Is Already In Use" line="45">
<kw name="Reset Application Create User And Go To Register Page" type="SETUP">
<kw name="Reset Application" library="AppLibrary">
<status status="PASS" starttime="20241114 17:07:25.104" endtime="20241114 17:07:25.111"/>
</kw>
<kw name="Create User" library="AppLibrary">
<arg>kalle</arg>
<arg>kalle123</arg>
<status status="PASS" starttime="20241114 17:07:25.112" endtime="20241114 17:07:25.121"/>
</kw>
<kw name="Go To" library="SeleniumLibrary">
<arg>${REGISTER_URL}</arg>
<doc>Navigates the current browser window to the provided ``url``.</doc>
<msg timestamp="20241114 17:07:25.122" level="INFO">Opening url 'http://localhost:5001/register'</msg>
<status status="PASS" starttime="20241114 17:07:25.121" endtime="20241114 17:07:25.654"/>
</kw>
<status status="PASS" starttime="20241114 17:07:25.103" endtime="20241114 17:07:25.655"/>
</kw>
<kw name="Set Username">
<arg>kalle</arg>
<kw name="Input Text" library="SeleniumLibrary">
<arg>username</arg>
<arg>${username}</arg>
<doc>Types the given ``text`` into the text field identified by ``locator``.</doc>
<msg timestamp="20241114 17:07:25.659" level="INFO">Typing text 'kalle' into text field 'username'.</msg>
<status status="PASS" starttime="20241114 17:07:25.657" endtime="20241114 17:07:27.368"/>
</kw>
<status status="PASS" starttime="20241114 17:07:25.656" endtime="20241114 17:07:27.368"/>
</kw>
<kw name="Set Password">
<arg>jille123</arg>
<kw name="Input Password" library="SeleniumLibrary">
<arg>password</arg>
<arg>${password}</arg>
<doc>Types the given password into the text field identified by ``locator``.</doc>
<msg timestamp="20241114 17:07:27.372" level="INFO">Typing password into text field 'password'.</msg>
<msg timestamp="20241114 17:07:28.452" level="INFO">Temporally setting log level to: NONE</msg>
<msg timestamp="20241114 17:07:29.049" level="INFO">Log level changed from NONE to INFO.</msg>
<status status="PASS" starttime="20241114 17:07:27.370" endtime="20241114 17:07:29.050"/>
</kw>
<status status="PASS" starttime="20241114 17:07:27.369" endtime="20241114 17:07:29.050"/>
</kw>
<kw name="Set Password_confirmation">
<arg>jille123</arg>
<kw name="Input Password" library="SeleniumLibrary">
<arg>password_confirmation</arg>
<arg>${password_confirmation}</arg>
<doc>Types the given password into the text field identified by ``locator``.</doc>
<msg timestamp="20241114 17:07:29.054" level="INFO">Typing password into text field 'password_confirmation'.</msg>
<msg timestamp="20241114 17:07:30.174" level="INFO">Temporally setting log level to: NONE</msg>
<msg timestamp="20241114 17:07:30.780" level="INFO">Log level changed from NONE to INFO.</msg>
<status status="PASS" starttime="20241114 17:07:29.052" endtime="20241114 17:07:30.781"/>
</kw>
<status status="PASS" starttime="20241114 17:07:29.051" endtime="20241114 17:07:30.781"/>
</kw>
<kw name="Submit Credentials">
<kw name="Click Button" library="SeleniumLibrary">
<arg>Register</arg>
<doc>Clicks the button identified by ``locator``.</doc>
<msg timestamp="20241114 17:07:30.784" level="INFO">Clicking button 'Register'.</msg>
<status status="PASS" starttime="20241114 17:07:30.782" endtime="20241114 17:07:32.957"/>
</kw>
<status status="PASS" starttime="20241114 17:07:30.782" endtime="20241114 17:07:32.957"/>
</kw>
<kw name="Register Should Fail With Message">
<arg>User with username kalle already exists</arg>
<kw name="Register Page Should Be Open">
<kw name="Title Should Be" library="SeleniumLibrary">
<arg>Register</arg>
<doc>Verifies that the current page title equals ``title``.</doc>
<msg timestamp="20241114 17:07:33.488" level="INFO">Page title is 'Register'.</msg>
<status status="PASS" starttime="20241114 17:07:32.960" endtime="20241114 17:07:33.488"/>
</kw>
<status status="PASS" starttime="20241114 17:07:32.959" endtime="20241114 17:07:33.489"/>
</kw>
<kw name="Page Should Contain" library="SeleniumLibrary">
<arg>${message}</arg>
<doc>Verifies that current page contains ``text``.</doc>
<msg timestamp="20241114 17:07:34.543" level="INFO">Current page contains text 'User with username kalle already exists'.</msg>
<status status="PASS" starttime="20241114 17:07:33.489" endtime="20241114 17:07:34.543"/>
</kw>
<status status="PASS" starttime="20241114 17:07:32.958" endtime="20241114 17:07:34.544"/>
</kw>
<status status="PASS" starttime="20241114 17:07:25.101" endtime="20241114 17:07:34.545"/>
</test>
<test id="s1-s3-t7" name="Login After Successful Registration" line="52">
<kw name="Reset Application Create User And Go To Register Page" type="SETUP">
<kw name="Reset Application" library="AppLibrary">
<status status="PASS" starttime="20241114 17:07:34.552" endtime="20241114 17:07:34.562"/>
</kw>
<kw name="Create User" library="AppLibrary">
<arg>kalle</arg>
<arg>kalle123</arg>
<status status="PASS" starttime="20241114 17:07:34.562" endtime="20241114 17:07:34.574"/>
</kw>
<kw name="Go To" library="SeleniumLibrary">
<arg>${REGISTER_URL}</arg>
<doc>Navigates the current browser window to the provided ``url``.</doc>
<msg timestamp="20241114 17:07:34.574" level="INFO">Opening url 'http://localhost:5001/register'</msg>
<status status="PASS" starttime="20241114 17:07:34.574" endtime="20241114 17:07:35.108"/>
</kw>
<status status="PASS" starttime="20241114 17:07:34.550" endtime="20241114 17:07:35.109"/>
</kw>
<kw name="Set Username">
<arg>jaana</arg>
<kw name="Input Text" library="SeleniumLibrary">
<arg>username</arg>
<arg>${username}</arg>
<doc>Types the given ``text`` into the text field identified by ``locator``.</doc>
<msg timestamp="20241114 17:07:35.113" level="INFO">Typing text 'jaana' into text field 'username'.</msg>
<status status="PASS" starttime="20241114 17:07:35.111" endtime="20241114 17:07:36.844"/>
</kw>
<status status="PASS" starttime="20241114 17:07:35.109" endtime="20241114 17:07:36.844"/>
</kw>
<kw name="Set Password">
<arg>jaana123</arg>
<kw name="Input Password" library="SeleniumLibrary">
<arg>password</arg>
<arg>${password}</arg>
<doc>Types the given password into the text field identified by ``locator``.</doc>
<msg timestamp="20241114 17:07:36.849" level="INFO">Typing password into text field 'password'.</msg>
<msg timestamp="20241114 17:07:37.942" level="INFO">Temporally setting log level to: NONE</msg>
<msg timestamp="20241114 17:07:38.550" level="INFO">Log level changed from NONE to INFO.</msg>
<status status="PASS" starttime="20241114 17:07:36.847" endtime="20241114 17:07:38.551"/>
</kw>
<status status="PASS" starttime="20241114 17:07:36.845" endtime="20241114 17:07:38.551"/>
</kw>
<kw name="Set Password_confirmation">
<arg>jaana123</arg>
<kw name="Input Password" library="SeleniumLibrary">
<arg>password_confirmation</arg>
<arg>${password_confirmation}</arg>
<doc>Types the given password into the text field identified by ``locator``.</doc>
<msg timestamp="20241114 17:07:38.555" level="INFO">Typing password into text field 'password_confirmation'.</msg>
<msg timestamp="20241114 17:07:39.666" level="INFO">Temporally setting log level to: NONE</msg>
<msg timestamp="20241114 17:07:40.252" level="INFO">Log level changed from NONE to INFO.</msg>
<status status="PASS" starttime="20241114 17:07:38.553" endtime="20241114 17:07:40.253"/>
</kw>
<status status="PASS" starttime="20241114 17:07:38.552" endtime="20241114 17:07:40.253"/>
</kw>
<kw name="Submit Credentials">
<kw name="Click Button" library="SeleniumLibrary">
<arg>Register</arg>
<doc>Clicks the button identified by ``locator``.</doc>
<msg timestamp="20241114 17:07:40.254" level="INFO">Clicking button 'Register'.</msg>
<status status="PASS" starttime="20241114 17:07:40.253" endtime="20241114 17:07:42.396"/>
</kw>
<status status="PASS" starttime="20241114 17:07:40.253" endtime="20241114 17:07:42.396"/>
</kw>
<kw name="Register Should Succeed">
<kw name="Welcome Page Should Be Open">
<kw name="Title Should Be" library="SeleniumLibrary">
<arg>Welcome to Ohtu Application!</arg>
<doc>Verifies that the current page title equals ``title``.</doc>
<msg timestamp="20241114 17:07:42.928" level="INFO">Page title is 'Welcome to Ohtu Application!'.</msg>
<status status="PASS" starttime="20241114 17:07:42.399" endtime="20241114 17:07:42.929"/>
</kw>
<status status="PASS" starttime="20241114 17:07:42.398" endtime="20241114 17:07:42.929"/>
</kw>
<status status="PASS" starttime="20241114 17:07:42.397" endtime="20241114 17:07:42.929"/>
</kw>
<kw name="Click Link" library="SeleniumLibrary">
<arg>ohtu</arg>
<doc>Clicks a link identified by ``locator``.</doc>
<msg timestamp="20241114 17:07:42.932" level="INFO">Clicking link 'ohtu'.</msg>
<status status="PASS" starttime="20241114 17:07:42.930" endtime="20241114 17:07:44.602"/>
</kw>
<kw name="Click Button" library="SeleniumLibrary">
<arg>Logout</arg>
<doc>Clicks the button identified by ``locator``.</doc>
<msg timestamp="20241114 17:07:44.605" level="INFO">Clicking button 'Logout'.</msg>
<status status="PASS" starttime="20241114 17:07:44.603" endtime="20241114 17:07:46.788"/>
</kw>
<kw name="Set Username">
<arg>jaana</arg>
<kw name="Input Text" library="SeleniumLibrary">
<arg>username</arg>
<arg>${username}</arg>
<doc>Types the given ``text`` into the text field identified by ``locator``.</doc>
<msg timestamp="20241114 17:07:46.792" level="INFO">Typing text 'jaana' into text field 'username'.</msg>
<status status="PASS" starttime="20241114 17:07:46.790" endtime="20241114 17:07:48.497"/>
</kw>
<status status="PASS" starttime="20241114 17:07:46.789" endtime="20241114 17:07:48.497"/>
</kw>
<kw name="Set Password">
<arg>jaana123</arg>
<kw name="Input Password" library="SeleniumLibrary">
<arg>password</arg>
<arg>${password}</arg>
<doc>Types the given password into the text field identified by ``locator``.</doc>
<msg timestamp="20241114 17:07:48.501" level="INFO">Typing password into text field 'password'.</msg>
<msg timestamp="20241114 17:07:49.587" level="INFO">Temporally setting log level to: NONE</msg>
<msg timestamp="20241114 17:07:50.201" level="INFO">Log level changed from NONE to INFO.</msg>
<status status="PASS" starttime="20241114 17:07:48.500" endtime="20241114 17:07:50.202"/>
</kw>
<status status="PASS" starttime="20241114 17:07:48.498" endtime="20241114 17:07:50.202"/>
</kw>
<kw name="Click Button" library="SeleniumLibrary">
<arg>Login</arg>
<doc>Clicks the button identified by ``locator``.</doc>
<msg timestamp="20241114 17:07:50.205" level="INFO">Clicking button 'Login'.</msg>
<status status="PASS" starttime="20241114 17:07:50.203" endtime="20241114 17:07:52.381"/>
</kw>
<kw name="Login Should Succeed">
<kw name="Main Page Should Be Open" library="resource">
<kw name="Title Should Be" library="SeleniumLibrary">
<arg>Ohtu Application main page</arg>
<doc>Verifies that the current page title equals ``title``.</doc>
<msg timestamp="20241114 17:07:52.907" level="INFO">Page title is 'Ohtu Application main page'.</msg>
<status status="PASS" starttime="20241114 17:07:52.385" endtime="20241114 17:07:52.907"/>
</kw>
<status status="PASS" starttime="20241114 17:07:52.384" endtime="20241114 17:07:52.908"/>
</kw>
<status status="PASS" starttime="20241114 17:07:52.382" endtime="20241114 17:07:52.908"/>
</kw>
<status status="PASS" starttime="20241114 17:07:34.547" endtime="20241114 17:07:52.909"/>
</test>
<test id="s1-s3-t8" name="Login After Failed Registration" line="65">
<kw name="Reset Application Create User And Go To Register Page" type="SETUP">
<kw name="Reset Application" library="AppLibrary">
<status status="PASS" starttime="20241114 17:07:52.913" endtime="20241114 17:07:52.921"/>
</kw>
<kw name="Create User" library="AppLibrary">
<arg>kalle</arg>
<arg>kalle123</arg>
<status status="PASS" starttime="20241114 17:07:52.921" endtime="20241114 17:07:52.930"/>
</kw>
<kw name="Go To" library="SeleniumLibrary">
<arg>${REGISTER_URL}</arg>
<doc>Navigates the current browser window to the provided ``url``.</doc>
<msg timestamp="20241114 17:07:52.931" level="INFO">Opening url 'http://localhost:5001/register'</msg>
<status status="PASS" starttime="20241114 17:07:52.930" endtime="20241114 17:07:53.468"/>
</kw>
<status status="PASS" starttime="20241114 17:07:52.912" endtime="20241114 17:07:53.468"/>
</kw>
<kw name="Set Username">
<arg>jille</arg>
<kw name="Input Text" library="SeleniumLibrary">
<arg>username</arg>
<arg>${username}</arg>
<doc>Types the given ``text`` into the text field identified by ``locator``.</doc>
<msg timestamp="20241114 17:07:53.474" level="INFO">Typing text 'jille' into text field 'username'.</msg>
<status status="PASS" starttime="20241114 17:07:53.472" endtime="20241114 17:07:55.195"/>
</kw>
<status status="PASS" starttime="20241114 17:07:53.470" endtime="20241114 17:07:55.196"/>
</kw>
<kw name="Set Password">
<arg>jille123</arg>
<kw name="Input Password" library="SeleniumLibrary">
<arg>password</arg>
<arg>${password}</arg>
<doc>Types the given password into the text field identified by ``locator``.</doc>
<msg timestamp="20241114 17:07:55.200" level="INFO">Typing password into text field 'password'.</msg>
<msg timestamp="20241114 17:07:56.288" level="INFO">Temporally setting log level to: NONE</msg>
<msg timestamp="20241114 17:07:56.889" level="INFO">Log level changed from NONE to INFO.</msg>
<status status="PASS" starttime="20241114 17:07:55.198" endtime="20241114 17:07:56.890"/>
</kw>
<status status="PASS" starttime="20241114 17:07:55.197" endtime="20241114 17:07:56.890"/>
</kw>
<kw name="Set Password_confirmation">
<arg>jille456</arg>
<kw name="Input Password" library="SeleniumLibrary">
<arg>password_confirmation</arg>
<arg>${password_confirmation}</arg>
<doc>Types the given password into the text field identified by ``locator``.</doc>
<msg timestamp="20241114 17:07:56.894" level="INFO">Typing password into text field 'password_confirmation'.</msg>
<msg timestamp="20241114 17:07:58.004" level="INFO">Temporally setting log level to: NONE</msg>
<msg timestamp="20241114 17:07:58.616" level="INFO">Log level changed from NONE to INFO.</msg>
<status status="PASS" starttime="20241114 17:07:56.892" endtime="20241114 17:07:58.617"/>
</kw>
<status status="PASS" starttime="20241114 17:07:56.891" endtime="20241114 17:07:58.617"/>
</kw>
<kw name="Submit Credentials">
<kw name="Click Button" library="SeleniumLibrary">
<arg>Register</arg>
<doc>Clicks the button identified by ``locator``.</doc>
<msg timestamp="20241114 17:07:58.621" level="INFO">Clicking button 'Register'.</msg>
<status status="PASS" starttime="20241114 17:07:58.619" endtime="20241114 17:08:00.804"/>
</kw>
<status status="PASS" starttime="20241114 17:07:58.618" endtime="20241114 17:08:00.804"/>
</kw>
<kw name="Click Link" library="SeleniumLibrary">
<arg>Login</arg>
<doc>Clicks a link identified by ``locator``.</doc>
<msg timestamp="20241114 17:08:00.805" level="INFO">Clicking link 'Login'.</msg>
<status status="PASS" starttime="20241114 17:08:00.804" endtime="20241114 17:08:02.456"/>
</kw>
<kw name="Set Username">
<arg>kalle</arg>
<kw name="Input Text" library="SeleniumLibrary">
<arg>username</arg>
<arg>${username}</arg>
<doc>Types the given ``text`` into the text field identified by ``locator``.</doc>
<msg timestamp="20241114 17:08:02.461" level="INFO">Typing text 'kalle' into text field 'username'.</msg>
<status status="PASS" starttime="20241114 17:08:02.459" endtime="20241114 17:08:04.170"/>
</kw>
<status status="PASS" starttime="20241114 17:08:02.457" endtime="20241114 17:08:04.171"/>
</kw>
<kw name="Set Password">
<arg>kalle123</arg>
<kw name="Input Password" library="SeleniumLibrary">
<arg>password</arg>
<arg>${password}</arg>
<doc>Types the given password into the text field identified by ``locator``.</doc>
<msg timestamp="20241114 17:08:04.176" level="INFO">Typing password into text field 'password'.</msg>
<msg timestamp="20241114 17:08:05.256" level="INFO">Temporally setting log level to: NONE</msg>
<msg timestamp="20241114 17:08:05.870" level="INFO">Log level changed from NONE to INFO.</msg>
<status status="PASS" starttime="20241114 17:08:04.173" endtime="20241114 17:08:05.870"/>
</kw>
<status status="PASS" starttime="20241114 17:08:04.172" endtime="20241114 17:08:05.870"/>
</kw>
<kw name="Click Button" library="SeleniumLibrary">
<arg>Login</arg>
<doc>Clicks the button identified by ``locator``.</doc>
<msg timestamp="20241114 17:08:05.873" level="INFO">Clicking button 'Login'.</msg>
<status status="PASS" starttime="20241114 17:08:05.871" endtime="20241114 17:08:08.074"/>
</kw>
<kw name="Login Should Succeed">
<kw name="Main Page Should Be Open" library="resource">
<kw name="Title Should Be" library="SeleniumLibrary">
<arg>Ohtu Application main page</arg>
<doc>Verifies that the current page title equals ``title``.</doc>
<msg timestamp="20241114 17:08:08.602" level="INFO">Page title is 'Ohtu Application main page'.</msg>
<status status="PASS" starttime="20241114 17:08:08.078" endtime="20241114 17:08:08.603"/>
</kw>
<status status="PASS" starttime="20241114 17:08:08.077" endtime="20241114 17:08:08.603"/>
</kw>
<status status="PASS" starttime="20241114 17:08:08.075" endtime="20241114 17:08:08.603"/>
</kw>
<status status="PASS" starttime="20241114 17:07:52.911" endtime="20241114 17:08:08.604"/>
</test>
<kw name="Close Browser" library="SeleniumLibrary" type="TEARDOWN">
<doc>Closes the current browser.</doc>
<status status="PASS" starttime="20241114 17:08:08.607" endtime="20241114 17:08:09.171"/>
</kw>
<status status="PASS" starttime="20241114 17:06:37.576" endtime="20241114 17:08:09.171"/>
</suite>
<status status="PASS" starttime="20241114 17:06:06.002" endtime="20241114 17:08:09.176"/>
</suite>
<statistics>
<total>
<stat pass="13" fail="0" skip="0">All Tests</stat>
</total>
<tag>
</tag>
<suite>
<stat pass="13" fail="0" skip="0" id="s1" name="Tests">Tests</stat>
<stat pass="2" fail="0" skip="0" id="s1-s1" name="Home">Tests.Home</stat>
<stat pass="3" fail="0" skip="0" id="s1-s2" name="Login">Tests.Login</stat>
<stat pass="8" fail="0" skip="0" id="s1-s3" name="Register">Tests.Register</stat>
</suite>
</statistics>
<errors>
</errors>
</robot>
